This is pdfTeX, Version 3.141592653-2.6-1.40.25 (TeX Live 2023) (preloaded format=pdflatex 2023.4.15)  29 APR 2024 22:02
entering extended mode
 restricted \write18 enabled.
 file:line:error style messages enabled.
 %&-line parsing enabled.
**/Users/jason/Desktop/MSDS/CSE_560/termProject/pdfs/report/Milestone2.tex
(/Users/jason/Desktop/MSDS/CSE_560/termProject/pdfs/report/Milestone2.tex
LaTeX2e <2022-11-01> patch level 1
L3 programming layer <2023-02-22> (./IEEEtran.cls
Document Class: IEEEtran 2015/08/26 V1.8b by Michael Shell
-- See the "IEEEtran_HOWTO" manual for usage information.
-- http://www.michaelshell.org/tex/ieeetran/
\@IEEEtrantmpdimenA=\dimen140
\@IEEEtrantmpdimenB=\dimen141
\@IEEEtrantmpdimenC=\dimen142
\@IEEEtrantmpcountA=\count185
\@IEEEtrantmpcountB=\count186
\@IEEEtrantmpcountC=\count187
\@IEEEtrantmptoksA=\toks16
LaTeX Font Info:    Trying to load font information for OT1+ptm on input line 503.
(/usr/local/texlive/2023/texmf-dist/tex/latex/psnfss/ot1ptm.fd
File: ot1ptm.fd 2001/06/04 font definitions for OT1/ptm.
)
-- Using 8.5in x 11in (letter) paper.
-- Using PDF output.
\@IEEEnormalsizeunitybaselineskip=\dimen143
-- This is a 10 point document.
\CLASSINFOnormalsizebaselineskip=\dimen144
\CLASSINFOnormalsizeunitybaselineskip=\dimen145
\IEEEnormaljot=\dimen146
LaTeX Font Info:    Font shape `OT1/ptm/bx/n' in size <5> not available
(Font)              Font shape `OT1/ptm/b/n' tried instead on input line 1090.
LaTeX Font Info:    Font shape `OT1/ptm/bx/it' in size <5> not available
(Font)              Font shape `OT1/ptm/b/it' tried instead on input line 1090.
LaTeX Font Info:    Font shape `OT1/ptm/bx/n' in size <7> not available
(Font)              Font shape `OT1/ptm/b/n' tried instead on input line 1090.
LaTeX Font Info:    Font shape `OT1/ptm/bx/it' in size <7> not available
(Font)              Font shape `OT1/ptm/b/it' tried instead on input line 1090.
LaTeX Font Info:    Font shape `OT1/ptm/bx/n' in size <8> not available
(Font)              Font shape `OT1/ptm/b/n' tried instead on input line 1090.
LaTeX Font Info:    Font shape `OT1/ptm/bx/it' in size <8> not available
(Font)              Font shape `OT1/ptm/b/it' tried instead on input line 1090.
LaTeX Font Info:    Font shape `OT1/ptm/bx/n' in size <9> not available
(Font)              Font shape `OT1/ptm/b/n' tried instead on input line 1090.
LaTeX Font Info:    Font shape `OT1/ptm/bx/it' in size <9> not available
(Font)              Font shape `OT1/ptm/b/it' tried instead on input line 1090.
LaTeX Font Info:    Font shape `OT1/ptm/bx/n' in size <10> not available
(Font)              Font shape `OT1/ptm/b/n' tried instead on input line 1090.
LaTeX Font Info:    Font shape `OT1/ptm/bx/it' in size <10> not available
(Font)              Font shape `OT1/ptm/b/it' tried instead on input line 1090.
LaTeX Font Info:    Font shape `OT1/ptm/bx/n' in size <11> not available
(Font)              Font shape `OT1/ptm/b/n' tried instead on input line 1090.
LaTeX Font Info:    Font shape `OT1/ptm/bx/it' in size <11> not available
(Font)              Font shape `OT1/ptm/b/it' tried instead on input line 1090.
LaTeX Font Info:    Font shape `OT1/ptm/bx/n' in size <12> not available
(Font)              Font shape `OT1/ptm/b/n' tried instead on input line 1090.
LaTeX Font Info:    Font shape `OT1/ptm/bx/it' in size <12> not available
(Font)              Font shape `OT1/ptm/b/it' tried instead on input line 1090.
LaTeX Font Info:    Font shape `OT1/ptm/bx/n' in size <17> not available
(Font)              Font shape `OT1/ptm/b/n' tried instead on input line 1090.
LaTeX Font Info:    Font shape `OT1/ptm/bx/it' in size <17> not available
(Font)              Font shape `OT1/ptm/b/it' tried instead on input line 1090.
LaTeX Font Info:    Font shape `OT1/ptm/bx/n' in size <20> not available
(Font)              Font shape `OT1/ptm/b/n' tried instead on input line 1090.
LaTeX Font Info:    Font shape `OT1/ptm/bx/it' in size <20> not available
(Font)              Font shape `OT1/ptm/b/it' tried instead on input line 1090.
LaTeX Font Info:    Font shape `OT1/ptm/bx/n' in size <24> not available
(Font)              Font shape `OT1/ptm/b/n' tried instead on input line 1090.
LaTeX Font Info:    Font shape `OT1/ptm/bx/it' in size <24> not available
(Font)              Font shape `OT1/ptm/b/it' tried instead on input line 1090.
\IEEEquantizedlength=\dimen147
\IEEEquantizedlengthdiff=\dimen148
\IEEEquantizedtextheightdiff=\dimen149
\IEEEilabelindentA=\dimen150
\IEEEilabelindentB=\dimen151
\IEEEilabelindent=\dimen152
\IEEEelabelindent=\dimen153
\IEEEdlabelindent=\dimen154
\IEEElabelindent=\dimen155
\IEEEiednormlabelsep=\dimen156
\IEEEiedmathlabelsep=\dimen157
\IEEEiedtopsep=\skip48
\c@section=\count188
\c@subsection=\count189
\c@subsubsection=\count190
\c@paragraph=\count191
\c@IEEEsubequation=\count192
\abovecaptionskip=\skip49
\belowcaptionskip=\skip50
\c@figure=\count193
\c@table=\count194
\@IEEEeqnnumcols=\count195
\@IEEEeqncolcnt=\count196
\@IEEEsubeqnnumrollback=\count197
\@IEEEquantizeheightA=\dimen158
\@IEEEquantizeheightB=\dimen159
\@IEEEquantizeheightC=\dimen160
\@IEEEquantizeprevdepth=\dimen161
\@IEEEquantizemultiple=\count198
\@IEEEquantizeboxA=\box51
\@IEEEtmpitemindent=\dimen162
\IEEEPARstartletwidth=\dimen163
\c@IEEEbiography=\count199
\@IEEEtranrubishbin=\box52
)
** ATTENTION: Overriding command lockouts (line 2).
(/usr/local/texlive/2023/texmf-dist/tex/latex/cite/cite.sty
LaTeX Info: Redefining \cite on input line 302.
LaTeX Info: Redefining \nocite on input line 332.
Package: cite 2015/02/27  v 5.5
) (/usr/local/texlive/2023/texmf-dist/tex/latex/amsmath/amsmath.sty
Package: amsmath 2022/04/08 v2.17n AMS math features
\@mathmargin=\skip51

For additional information on amsmath, use the `?' option.
(/usr/local/texlive/2023/texmf-dist/tex/latex/amsmath/amstext.sty
Package: amstext 2021/08/26 v2.01 AMS text
 (/usr/local/texlive/2023/texmf-dist/tex/latex/amsmath/amsgen.sty
File: amsgen.sty 1999/11/30 v2.0 generic functions
\@emptytoks=\toks17
\ex@=\dimen164
)) (/usr/local/texlive/2023/texmf-dist/tex/latex/amsmath/amsbsy.sty
Package: amsbsy 1999/11/29 v1.2d Bold Symbols
\pmbraise@=\dimen165
) (/usr/local/texlive/2023/texmf-dist/tex/latex/amsmath/amsopn.sty
Package: amsopn 2022/04/08 v2.04 operator names
)
\inf@bad=\count266
LaTeX Info: Redefining \frac on input line 234.
\uproot@=\count267
\leftroot@=\count268
LaTeX Info: Redefining \overline on input line 399.
LaTeX Info: Redefining \colon on input line 410.
\classnum@=\count269
\DOTSCASE@=\count270
LaTeX Info: Redefining \ldots on input line 496.
LaTeX Info: Redefining \dots on input line 499.
LaTeX Info: Redefining \cdots on input line 620.
\Mathstrutbox@=\box53
\strutbox@=\box54
LaTeX Info: Redefining \big on input line 722.
LaTeX Info: Redefining \Big on input line 723.
LaTeX Info: Redefining \bigg on input line 724.
LaTeX Info: Redefining \Bigg on input line 725.
\big@size=\dimen166
LaTeX Font Info:    Redeclaring font encoding OML on input line 743.
LaTeX Font Info:    Redeclaring font encoding OMS on input line 744.
\macc@depth=\count271
LaTeX Info: Redefining \bmod on input line 905.
LaTeX Info: Redefining \pmod on input line 910.
LaTeX Info: Redefining \smash on input line 940.
LaTeX Info: Redefining \relbar on input line 970.
LaTeX Info: Redefining \Relbar on input line 971.
\c@MaxMatrixCols=\count272
\dotsspace@=\muskip16
\c@parentequation=\count273
\dspbrk@lvl=\count274
\tag@help=\toks18
\row@=\count275
\column@=\count276
\maxfields@=\count277
\andhelp@=\toks19
\eqnshift@=\dimen167
\alignsep@=\dimen168
\tagshift@=\dimen169
\tagwidth@=\dimen170
\totwidth@=\dimen171
\lineht@=\dimen172
\@envbody=\toks20
\multlinegap=\skip52
\multlinetaggap=\skip53
\mathdisplay@stack=\toks21
LaTeX Info: Redefining \[ on input line 2953.
LaTeX Info: Redefining \] on input line 2954.
) (/usr/local/texlive/2023/texmf-dist/tex/latex/amsfonts/amssymb.sty
Package: amssymb 2013/01/14 v3.01 AMS font symbols
 (/usr/local/texlive/2023/texmf-dist/tex/latex/amsfonts/amsfonts.sty
Package: amsfonts 2013/01/14 v3.01 Basic AMSFonts support
\symAMSa=\mathgroup4
\symAMSb=\mathgroup5
LaTeX Font Info:    Redeclaring math symbol \hbar on input line 98.
LaTeX Font Info:    Overwriting math alphabet `\mathfrak' in version `bold'
(Font)                  U/euf/m/n --> U/euf/b/n on input line 106.
)) (/usr/local/texlive/2023/texmf-dist/tex/latex/algorithms/algorithmic.sty
Package: algorithmic 2009/08/24 v0.1 Document Style `algorithmic'
 (/usr/local/texlive/2023/texmf-dist/tex/latex/base/ifthen.sty
Package: ifthen 2022/04/13 v1.1d Standard LaTeX ifthen package (DPC)
) (/usr/local/texlive/2023/texmf-dist/tex/latex/graphics/keyval.sty
Package: keyval 2022/05/29 v1.15 key=value parser (DPC)
\KV@toks@=\toks22
)
\c@ALC@unique=\count278
\c@ALC@line=\count279
\c@ALC@rem=\count280
\c@ALC@depth=\count281
\ALC@tlm=\skip54
\algorithmicindent=\skip55
) (/usr/local/texlive/2023/texmf-dist/tex/latex/graphics/graphicx.sty
Package: graphicx 2021/09/16 v1.2d Enhanced LaTeX Graphics (DPC,SPQR)
 (/usr/local/texlive/2023/texmf-dist/tex/latex/graphics/graphics.sty
Package: graphics 2022/03/10 v1.4e Standard LaTeX Graphics (DPC,SPQR)
 (/usr/local/texlive/2023/texmf-dist/tex/latex/graphics/trig.sty
Package: trig 2021/08/11 v1.11 sin cos tan (DPC)
) (/usr/local/texlive/2023/texmf-dist/tex/latex/graphics-cfg/graphics.cfg
File: graphics.cfg 2016/06/04 v1.11 sample graphics configuration
)
Package graphics Info: Driver file: pdftex.def on input line 107.
 (/usr/local/texlive/2023/texmf-dist/tex/latex/graphics-def/pdftex.def
File: pdftex.def 2022/09/22 v1.2b Graphics/color driver for pdftex
))
\Gin@req@height=\dimen173
\Gin@req@width=\dimen174
) (/usr/local/texlive/2023/texmf-dist/tex/latex/base/textcomp.sty
Package: textcomp 2020/02/02 v2.0n Standard LaTeX package
) (/usr/local/texlive/2023/texmf-dist/tex/latex/xcolor/xcolor.sty
Package: xcolor 2022/06/12 v2.14 LaTeX color extensions (UK)
 (/usr/local/texlive/2023/texmf-dist/tex/latex/graphics-cfg/color.cfg
File: color.cfg 2016/01/02 v1.6 sample color configuration
)
Package xcolor Info: Driver file: pdftex.def on input line 227.
 (/usr/local/texlive/2023/texmf-dist/tex/latex/graphics/mathcolor.ltx)
Package xcolor Info: Model `cmy' substituted by `cmy0' on input line 1353.
Package xcolor Info: Model `hsb' substituted by `rgb' on input line 1357.
Package xcolor Info: Model `RGB' extended on input line 1369.
Package xcolor Info: Model `HTML' substituted by `rgb' on input line 1371.
Package xcolor Info: Model `Hsb' substituted by `hsb' on input line 1372.
Package xcolor Info: Model `tHsb' substituted by `hsb' on input line 1373.
Package xcolor Info: Model `HSB' substituted by `hsb' on input line 1374.
Package xcolor Info: Model `Gray' substituted by `gray' on input line 1375.
Package xcolor Info: Model `wave' substituted by `hsb' on input line 1376.
) (/usr/local/texlive/2023/texmf-dist/tex/latex/listings/listings.sty
\lst@mode=\count282
\lst@gtempboxa=\box55
\lst@token=\toks23
\lst@length=\count283
\lst@currlwidth=\dimen175
\lst@column=\count284
\lst@pos=\count285
\lst@lostspace=\dimen176
\lst@width=\dimen177
\lst@newlines=\count286
\lst@lineno=\count287
\lst@maxwidth=\dimen178
 (/usr/local/texlive/2023/texmf-dist/tex/latex/listings/lstmisc.sty
File: lstmisc.sty 2023/02/27 1.9 (Carsten Heinz)
\c@lstnumber=\count288
\lst@skipnumbers=\count289
\lst@framebox=\box56
) (/usr/local/texlive/2023/texmf-dist/tex/latex/listings/listings.cfg
File: listings.cfg 2023/02/27 1.9 listings configuration
))
Package: listings 2023/02/27 1.9 (Carsten Heinz)
 (/usr/local/texlive/2023/texmf-dist/tex/latex/sttools/cuted.sty
Package: cuted 2021/10/04 v2.0 Mixing onecolumn and twocolumn modes
\At@ViperColsBreak=\toks24
\preCutedStrip=\toks25
\postCutedStrip=\toks26
\cuted@@tempbox@a=\box57
\cuted@@tempbox@c=\box58
\cuted@@tempbox@var=\box59
\hold@viper=\box60
\@viper=\box61
\cuted@@varbox@a=\box62
\cuted@@varbox@c=\box63
\cuted@@tempdim@spread=\dimen179
\cuted@@tempdim@a=\dimen180
\cuted@@tempdim@b=\dimen181
\ht@hold@viper=\dimen182
\ht@viper=\dimen183
\var@@pagediscards@ht=\dimen184
\stripsep=\skip56
\viper@penalty=\count290
) (/usr/local/texlive/2023/texmf-dist/tex/latex/l3backend/l3backend-pdftex.def
File: l3backend-pdftex.def 2023-01-16 L3 backend support: PDF output (pdfTeX)
\l__color_backend_stack_int=\count291
\l__pdf_internal_box=\box64
) (build/Milestone2.aux)
\openout1 = `Milestone2.aux'.

LaTeX Font Info:    Checking defaults for OML/cmm/m/it on input line 15.
LaTeX Font Info:    ... okay on input line 15.
LaTeX Font Info:    Checking defaults for OMS/cmsy/m/n on input line 15.
LaTeX Font Info:    ... okay on input line 15.
LaTeX Font Info:    Checking defaults for OT1/cmr/m/n on input line 15.
LaTeX Font Info:    ... okay on input line 15.
LaTeX Font Info:    Checking defaults for T1/cmr/m/n on input line 15.
LaTeX Font Info:    ... okay on input line 15.
LaTeX Font Info:    Checking defaults for TS1/cmr/m/n on input line 15.
LaTeX Font Info:    ... okay on input line 15.
LaTeX Font Info:    Checking defaults for OMX/cmex/m/n on input line 15.
LaTeX Font Info:    ... okay on input line 15.
LaTeX Font Info:    Checking defaults for U/cmr/m/n on input line 15.
LaTeX Font Info:    ... okay on input line 15.

-- Lines per column: 56 (exact).
(/usr/local/texlive/2023/texmf-dist/tex/context/base/mkii/supp-pdf.mkii
[Loading MPS to PDF converter (version 2006.09.02).]
\scratchcounter=\count292
\scratchdimen=\dimen185
\scratchbox=\box65
\nofMPsegments=\count293
\nofMParguments=\count294
\everyMPshowfont=\toks27
\MPscratchCnt=\count295
\MPscratchDim=\dimen186
\MPnumerator=\count296
\makeMPintoPDFobject=\count297
\everyMPtoPDFconversion=\toks28
) (/usr/local/texlive/2023/texmf-dist/tex/latex/epstopdf-pkg/epstopdf-base.sty
Package: epstopdf-base 2020-01-24 v2.11 Base part for package epstopdf
Package epstopdf-base Info: Redefining graphics rule for `.eps' on input line 485.
 (/usr/local/texlive/2023/texmf-dist/tex/latex/latexconfig/epstopdf-sys.cfg
File: epstopdf-sys.cfg 2010/07/13 v1.3 Configuration of (r)epstopdf for TeX Live
))
\c@lstlisting=\count298
<el_diagram.png, id=1, 3008.23875pt x 1192.455pt>
File: el_diagram.png Graphic file (type png)
<use el_diagram.png>
Package pdftex.def Info: el_diagram.png  used on input line 65.
(pdftex.def)             Requested size: 516.0pt x 204.53421pt.
LaTeX Font Info:    Trying to load font information for U+msa on input line 73.
 (/usr/local/texlive/2023/texmf-dist/tex/latex/amsfonts/umsa.fd
File: umsa.fd 2013/01/14 v3.01 AMS symbols A
)
LaTeX Font Info:    Trying to load font information for U+msb on input line 73.
 (/usr/local/texlive/2023/texmf-dist/tex/latex/amsfonts/umsb.fd
File: umsb.fd 2013/01/14 v3.01 AMS symbols B
)
Underfull \hbox (badness 2865) in paragraph at lines 72--74
[]\OT1/ptm/m/n/10 This ta-ble stores the in-for-ma-tion about al-bums and
 []


Underfull \hbox (badness 10000) in paragraph at lines 72--74
\OT1/ptm/m/n/10 the con-tribut-ing artists. Since all the al-bums and
 []


Underfull \hbox (badness 10000) in paragraph at lines 72--74

 []


Underfull \hbox (badness 10000) in paragraph at lines 72--74
\OT1/ptm/b/n/10 Al-bu-mID $\OMS/cmsy/m/n/10 !$ \OT1/ptm/m/n/10 Artis-tID
 []


Underfull \hbox (badness 10000) in paragraph at lines 72--74

 []

[1{/usr/local/texlive/2023/texmf-var/fonts/map/pdftex/updmap/pdftex.map}{/usr/local/texlive/2023/texmf-dist/fonts/enc/dvips/base/8r.enc}


]
Underfull \hbox (badness 10000) in paragraph at lines 77--79

 []


Underfull \hbox (badness 5175) in paragraph at lines 77--79
\OT1/ptm/b/n/10 Al-bu-mID $\OMS/cmsy/m/n/10 !$ \OT1/ptm/m/n/10 (Al-bum-Name, To-tal-Tracks, DateRe-leased)
 []


Underfull \hbox (badness 10000) in paragraph at lines 77--79

 []


Underfull \hbox (badness 1769) in paragraph at lines 82--84
[]\OT1/ptm/m/n/10 This ta-ble store in-for-ma-tion re-gard-ing artists fea-tures
 []


Underfull \hbox (badness 5681) in paragraph at lines 82--84
\OT1/ptm/m/n/10 in the top 50 charts across the 67 coun-tries. The
 []


Underfull \hbox (badness 4819) in paragraph at lines 82--84
\OT1/ptm/m/n/10 ta-ble schema has 4 at-tributes - Artis-tID (unique of
 []


Underfull \hbox (badness 10000) in paragraph at lines 82--84
\OT1/ptm/m/n/10 each artist), Artist-Name, Num-berOf-Fol-low-ers, and
 []


Underfull \hbox (badness 5548) in paragraph at lines 82--84
\OT1/ptm/m/n/10 Pop-u-lar-ity (a statis-tic de-signed by Spo-tify mea-sur-ing
 []


Underfull \hbox (badness 10000) in paragraph at lines 82--84
\OT1/ptm/m/n/10 the pop-u-lar-ity of artists on the scale of 0-100).
 []


Underfull \hbox (badness 10000) in paragraph at lines 82--84

 []


Underfull \hbox (badness 10000) in paragraph at lines 82--84

 []


Underfull \hbox (badness 10000) in paragraph at lines 87--89
[]\OT1/ptm/m/n/10 This ta-ble stores the de-tails re-gard-ing the
 []


Underfull \hbox (badness 10000) in paragraph at lines 87--89
\OT1/ptm/m/n/10 gen-res of songs pro-duced by artists by pop-
 []


Underfull \hbox (badness 10000) in paragraph at lines 87--89
\OT1/ptm/m/n/10 u-lat-ing two atributes - Artis-tID and Genre.
 []


Underfull \hbox (badness 10000) in paragraph at lines 87--89

 []


Underfull \hbox (badness 10000) in paragraph at lines 87--89
\OT1/ptm/b/n/10 Artis-tID $\OMS/cmsy/m/n/10 !$ \OT1/ptm/m/n/10 Genre
 []


Underfull \hbox (badness 10000) in paragraph at lines 87--89

 []


Underfull \hbox (badness 5064) in paragraph at lines 93--95
[]\OT1/ptm/m/n/10 This ta-ble stores key sig-na-ture in-for-ma-tion and it
 []


Underfull \hbox (badness 5316) in paragraph at lines 93--95
\OT1/ptm/m/n/10 is one of the 2 ta-bles that is pre-populated. Each
 []


Underfull \hbox (badness 7468) in paragraph at lines 93--95
\OT1/ptm/m/n/10 song has a base key around which it's mu-sic is
 []


Underfull \hbox (badness 3428) in paragraph at lines 93--95
\OT1/ptm/m/n/10 mu-sic no-ta-tion, it is con-ve-nient to de-sign this ta-ble.
 []


Underfull \hbox (badness 10000) in paragraph at lines 93--95

 []


Underfull \hbox (badness 10000) in paragraph at lines 93--95
\OT1/ptm/b/n/10 KeyID $\OMS/cmsy/m/n/10 !$ \OT1/ptm/m/n/10 KeySig-na-ture
 []


Underfull \hbox (badness 10000) in paragraph at lines 93--95

 []


Underfull \hbox (badness 10000) in paragraph at lines 99--101
[]\OT1/ptm/m/n/10 This ta-ble stores in-for-ma-tion coun-tries re-gard-ing
 []


Underfull \hbox (badness 10000) in paragraph at lines 99--101
\OT1/ptm/m/n/10 by as-sign-ing each Coun-try a unique Coun-tryCode.
 []


Underfull \hbox (badness 10000) in paragraph at lines 99--101
\OT1/ptm/m/n/10 Fix-ing these Coun-tryCodes re-duced the time
 []


Underfull \hbox (badness 5316) in paragraph at lines 99--101
\OT1/ptm/m/n/10 re-quired to pop-u-late the ta-ble and hence this ta-ble
 []


Underfull \hbox (badness 10000) in paragraph at lines 99--101
\OT1/ptm/m/n/10 is also pre-populated like \OT1/ptm/b/n/10 KeySig-na-tures \OT1/ptm/m/n/10 ta-ble.
 []


Underfull \hbox (badness 10000) in paragraph at lines 99--101

 []


Underfull \hbox (badness 10000) in paragraph at lines 99--101
\OT1/ptm/b/n/10 Coun-tryCodes $\OMS/cmsy/m/n/10 !$ \OT1/ptm/m/n/10 Coun-try
 []


Underfull \hbox (badness 10000) in paragraph at lines 99--101

 []


Underfull \hbox (badness 4660) in paragraph at lines 105--107
\OT1/ptm/m/n/10 a par-tic-u-lar track is avail-able to stream on Spo-tify.
 []


Underfull \hbox (badness 10000) in paragraph at lines 105--107

 []


Underfull \hbox (badness 10000) in paragraph at lines 105--107
\OT1/ptm/b/n/10 TrackID $\OMS/cmsy/m/n/10 !$ \OT1/ptm/m/n/10 Coun-tryCodes
 []


Underfull \hbox (badness 10000) in paragraph at lines 105--107

 []


Underfull \hbox (badness 2875) in paragraph at lines 111--113
\OT1/ptm/m/n/10 database as it stores the in-for-ma-tion of playlists and
 []


Underfull \hbox (badness 2126) in paragraph at lines 111--113
\OT1/ptm/m/n/10 TrackID (unique ID for tracks), Track-Name (Name of
 []


Underfull \hbox (badness 2564) in paragraph at lines 111--113
\OT1/ptm/m/n/10 the song), Al-bu-mID (ID of the al-bum of the track),
 []


Underfull \hbox (badness 10000) in paragraph at lines 111--113

 []


Underfull \hbox (badness 10000) in paragraph at lines 111--113

 []

[2 <./el_diagram.png>]
Underfull \hbox (badness 10000) in paragraph at lines 116--118
[]\OT1/ptm/m/n/10 This ta-ble stores the in-for-ma-tion of tracks and
 []


Underfull \hbox (badness 10000) in paragraph at lines 116--118
\OT1/ptm/m/n/10 their cor-re-spond-ing by pop-u-lat-ing two at-tributes
 []


Underfull \hbox (badness 10000) in paragraph at lines 116--118
\OT1/ptm/m/n/10 - Track ID (unique ID for each song) and
 []


Underfull \hbox (badness 10000) in paragraph at lines 116--118
\OT1/ptm/m/n/10 Artis-tID (unique ID as-signed to each Artist).
 []


Underfull \hbox (badness 10000) in paragraph at lines 116--118

 []


Underfull \hbox (badness 10000) in paragraph at lines 116--118
\OT1/ptm/b/n/10 TrackID $\OMS/cmsy/m/n/10 !$ \OT1/ptm/m/n/10 Artis-tID
 []


Underfull \hbox (badness 10000) in paragraph at lines 116--118

 []


Underfull \hbox (badness 10000) in paragraph at lines 122--124

 []


Underfull \hbox (badness 10000) in paragraph at lines 122--124
\OT1/ptm/b/n/10 TrackID $\OMS/cmsy/m/n/10 !$ \OT1/ptm/m/n/10 (Track-Name, Al-bu-mID, Du-ra-tion,
 []


Underfull \hbox (badness 10000) in paragraph at lines 122--124
\OT1/ptm/m/n/10 Ex-plicit, Cur-rent-Pop-u-lar-ity, Ac-cous-tic-ness, Dance-abil-ity,
 []


Underfull \hbox (badness 10000) in paragraph at lines 122--124
\OT1/ptm/m/n/10 In-stru-men-tal-ness, KeySig-na-ture, Mode, Temp0,
 []


Underfull \hbox (badness 8038) in paragraph at lines 132--133
[]\OT1/ptm/m/n/10 This query can be used to es-tab-lish a base-line
 []


Underfull \hbox (badness 7649) in paragraph at lines 132--133
\OT1/ptm/m/n/10 for num-ber of fol-low-ers per artist for each genre
 []


Underfull \hbox (badness 10000) in paragraph at lines 132--133
\OT1/ptm/m/n/10 fea-tur-ing in the Top 50 Charts across the globe.
 []


Underfull \hbox (badness 10000) in paragraph at lines 132--133

 []

(/usr/local/texlive/2023/texmf-dist/tex/latex/listings/lstlang1.sty
File: lstlang1.sty 2023/02/27 1.9 listings language file
)
LaTeX Font Info:    Trying to load font information for OT1+pcr on input line 141.
 (/usr/local/texlive/2023/texmf-dist/tex/latex/psnfss/ot1pcr.fd
File: ot1pcr.fd 2001/06/04 font definitions for OT1/pcr.
)
Underfull \hbox (badness 5022) in paragraph at lines 151--152
\OT1/ptm/m/n/10 anal-yse the reach of dif-fer-ent forms of mu-sic with
 []


Underfull \hbox (badness 10000) in paragraph at lines 151--152
\OT1/ptm/m/n/10 re-spect to the num-ber of coun-tries tracks where
 []


Underfull \hbox (badness 4193) in paragraph at lines 151--152
\OT1/ptm/m/n/10 they are charted. It can be cru-cial in un-der-stand-ing
 []


Underfull \hbox (badness 10000) in paragraph at lines 151--152
\OT1/ptm/m/n/10 the mu-sic tastes of peo-ple around the globe.
 []


Underfull \hbox (badness 10000) in paragraph at lines 151--152

 []


Overfull \hbox (42.00299pt too wide) in paragraph at lines 165--166
[][][][][][][][][][][][][][][] 
 []


Overfull \hbox (48.00305pt too wide) in paragraph at lines 166--167
[][][][][][][][][][][][][][][] 
 []


Underfull \hbox (badness 10000) in paragraph at lines 172--173

 []


Overfull \hbox (24.0028pt too wide) in paragraph at lines 182--183
[][][][][][][][][][][][][][][] 
 []


Overfull \hbox (12.00269pt too wide) in paragraph at lines 183--184
[][][][][][][][][][][][][][][][][][] 
 []


Underfull \hbox (badness 10000) in paragraph at lines 188--189
[]\OT1/ptm/m/n/10 These type of queries can help re-searchers
 []


Underfull \hbox (badness 10000) in paragraph at lines 188--189
\OT1/ptm/m/n/10 and an-a-lyst un-der-stand and fig-ure out the
 []


Underfull \hbox (badness 10000) in paragraph at lines 188--189
\OT1/ptm/m/n/10 impact-full artists as well as al-bums per year.
 []


Underfull \hbox (badness 10000) in paragraph at lines 188--189

 []


Overfull \hbox (30.00287pt too wide) in paragraph at lines 208--209
[][][][][][][][][][][][][][][][] 
 []


Underfull \hbox (badness 10000) in paragraph at lines 219--220
[]\OT1/ptm/m/n/10 This query is sim-i-lar to the pre-vi-ous query
 []


Underfull \hbox (badness 7064) in paragraph at lines 219--220
\OT1/ptm/m/n/10 in the sense that it too can be used to an-a-lyze
 []


Underfull \hbox (badness 10000) in paragraph at lines 219--220
\OT1/ptm/m/n/10 the imapct-full-ness of artists over the year.
 []


Underfull \hbox (badness 10000) in paragraph at lines 219--220

 []

[3]
Underfull \hbox (badness 10000) in paragraph at lines 248--249

 []


Overfull \hbox (6.00262pt too wide) in paragraph at lines 265--266
[][][][][][][][][][][][][][][][][][] 
 []


Underfull \hbox (badness 2401) in paragraph at lines 271--272
\OT1/ptm/m/n/10 use to mu-sic con-nois-seurs, re-searchers, and stu-dios in
 []


Underfull \hbox (badness 10000) in paragraph at lines 271--272

 []


Overfull \hbox (12.00269pt too wide) in paragraph at lines 285--286
[][][][][][][][][][][][][][][] 
 []


Underfull \hbox (badness 3724) in paragraph at lines 311--312
\OT1/ptm/m/n/10 be-tween au-di-ence pref-er-ence and length of the song.
 []


Underfull \hbox (badness 10000) in paragraph at lines 311--312

 []


Underfull \hbox (badness 1910) in paragraph at lines 336--337
\OT1/ptm/m/n/10 mu-sic en-thu-si-asts an-a-lyze the trends in mu-sic in-dus-try
 []


Underfull \hbox (badness 2269) in paragraph at lines 336--337
\OT1/ptm/m/n/10 artists, and pro-duc-tion stu-dios. These queries can also
 []

<explain.png, id=22, 1106.1325pt x 537.00626pt>
File: explain.png Graphic file (type png)
<use explain.png>
Package pdftex.def Info: explain.png  used on input line 341.
(pdftex.def)             Requested size: 453.51726pt x 220.17398pt.
<explain2.png, id=23, 1119.18124pt x 561.09625pt>
File: explain2.png Graphic file (type png)
<use explain2.png>
Package pdftex.def Info: explain2.png  used on input line 342.
(pdftex.def)             Requested size: 447.66457pt x 224.43452pt.

Underfull \hbox (badness 10000) in paragraph at lines 341--343
[][]
 []

[4]
Underfull \hbox (badness 10000) in paragraph at lines 361--362
[]\OT1/ptm/m/n/8 F. Zandt, \In-fo-graphic: The Shorter the Song, the
 []


Underfull \hbox (badness 10000) in paragraph at lines 361--362
\OT1/ptm/m/n/8 Sweeter the Stream?," Statista In-fo-graph-ics, Jan. 07, 2022.
 []


Underfull \hbox (badness 10000) in paragraph at lines 361--362
\OT1/ptm/m/n/8 https://www.statista.com/chart/26546/mean-song-duration-of-currently-
 []


Underfull \hbox (badness 7116) in paragraph at lines 363--364
[]\OT1/ptm/m/n/8 D. Sanchez, \Pop Songs Have Be-come Sig-nif-i-cantly Shorter
 []


Underfull \hbox (badness 2941) in paragraph at lines 363--364
\OT1/ptm/m/n/8 Over the Past 5 Years," Dig-i-tal Mu-sic News, Jan. 18, 2019.
 []


Underfull \hbox (badness 10000) in paragraph at lines 363--364
\OT1/ptm/m/n/8 https://www.digitalmusicnews.com/2019/01/18/streaming-music-
 []


** Conference Paper **
Before submitting the final camera ready copy, remember to:

 1. Manually equalize the lengths of two columns on the last page
 of your paper;

 2. Ensure that any PostScript and/or PDF output post-processing
 uses only Type 1 fonts and that every step in the generation
 process uses the appropriate paper size.

[5 <./explain.png> <./explain2.png>] (build/Milestone2.aux) ) 
Here is how much of TeX's memory you used:
 6240 strings out of 476025
 93625 string characters out of 5790017
 1911388 words of memory out of 5000000
 26634 multiletter control sequences out of 15000+600000
 546586 words of font info for 94 fonts, out of 8000000 for 9000
 1141 hyphenation exceptions out of 8191
 57i,8n,62p,1045b,1600s stack positions out of 10000i,1000n,20000p,200000b,200000s
</usr/local/texlive/2023/texmf-dist/fonts/type1/public/amsfonts/cm/cmsy10.pfb></usr/local/texlive/2023/texmf-dist/fonts/type1/urw/courier/ucrb8a.pfb></usr/local/texlive/2023/texmf-dist/fonts/type1/urw/courier/ucrr8a.pfb></usr/local/texlive/2023/texmf-dist/fonts/type1/urw/times/utmb8a.pfb></usr/local/texlive/2023/texmf-dist/fonts/type1/urw/times/utmbi8a.pfb></usr/local/texlive/2023/texmf-dist/fonts/type1/urw/times/utmr8a.pfb></usr/local/texlive/2023/texmf-dist/fonts/type1/urw/times/utmri8a.pfb>
Output written on build/Milestone2.pdf (5 pages, 597769 bytes).
PDF statistics:
 63 PDF objects out of 1000 (max. 8388607)
 35 compressed objects within 1 object stream
 0 named destinations out of 1000 (max. 500000)
 16 words of extra memory for PDF output out of 10000 (max. 10000000)

